build/app/intermediates/manifest_merge_blame_file/debug/manifest-merger-blame-debug-report.txt
1<?xml version="1.0" encoding="utf-8"?>
2<manifest xmlns:android="http://schemas.android.com/apk/res/android"
3    package="com.example.onelinkadmin"
4    android:versionCode="1"
5    android:versionName="1.0.0" >
6
7    <uses-sdk
8        android:minSdkVersion="19"
9        android:targetSdkVersion="33" />
10    <!--
11         The INTERNET permission is required for development. Specifically,
12         the Flutter tool needs it to communicate with the running application
13         to allow setting breakpoints, to provide hot reload, etc.
14    -->
15    <uses-permission android:name="android.permission.INTERNET" />
15-->src\main\AndroidManifest.xml:4:1-62
15-->src\main\AndroidManifest.xml:4:18-60
16    <uses-permission android:name="android.permission.READ_PHONE_STATE" />
16-->src\main\AndroidManifest.xml:2:3-73
16-->src\main\AndroidManifest.xml:2:20-70
17    <uses-permission android:name="android.permission.CALL_PHONE" /> <!-- Provide required visibility configuration for API level 30 and above -->
17-->src\main\AndroidManifest.xml:3:1-65
17-->src\main\AndroidManifest.xml:3:18-62
18    <queries>
18-->src\main\AndroidManifest.xml:7:1-18:11
19
20        <!-- If your app checks for SMS support -->
21        <intent>
21-->src\main\AndroidManifest.xml:9:3-12:12
22            <action android:name="android.intent.action.VIEW" />
22-->src\main\AndroidManifest.xml:10:5-57
22-->src\main\AndroidManifest.xml:10:13-54
23
24            <data android:scheme="http" />
24-->src\main\AndroidManifest.xml:11:5-35
24-->src\main\AndroidManifest.xml:11:11-32
25        </intent>
26        <!-- If your app checks for call support -->
27        <intent>
27-->src\main\AndroidManifest.xml:14:3-17:12
28            <action android:name="android.intent.action.VIEW" />
28-->src\main\AndroidManifest.xml:10:5-57
28-->src\main\AndroidManifest.xml:10:13-54
29
30            <data android:scheme="https" />
30-->src\main\AndroidManifest.xml:11:5-35
30-->src\main\AndroidManifest.xml:11:11-32
31        </intent>
32    </queries>
33
34    <uses-feature
34-->[:flutter_phone_direct_caller] AndroidManifest.xml:11:5-13:36
35        android:name="android.hardware.telephony"
35-->[:flutter_phone_direct_caller] AndroidManifest.xml:12:9-50
36        android:required="false" />
36-->[:flutter_phone_direct_caller] AndroidManifest.xml:13:9-33
37
38    <permission
38-->[androidx.core:core:1.10.1] AndroidManifest.xml:22:5-24:47
39        android:name="com.example.onelinkadmin.DYNAMIC_RECEIVER_NOT_EXPORTED_PERMISSION"
39-->[androidx.core:core:1.10.1] AndroidManifest.xml:23:9-81
40        android:protectionLevel="signature" />
40-->[androidx.core:core:1.10.1] AndroidManifest.xml:24:9-44
41
42    <uses-permission android:name="com.example.onelinkadmin.DYNAMIC_RECEIVER_NOT_EXPORTED_PERMISSION" />
42-->[androidx.core:core:1.10.1] AndroidManifest.xml:26:5-97
42-->[androidx.core:core:1.10.1] AndroidManifest.xml:26:22-94
43
44    <application
45        android:name="android.app.Application"
46        android:appComponentFactory="androidx.core.app.CoreComponentFactory"
46-->[androidx.core:core:1.10.1] AndroidManifest.xml:28:18-86
47        android:debuggable="true"
48        android:icon="@mipmap/ic_launcher"
49        android:label="onelinkadmin" >
50        <activity
51            android:name="com.example.onelinkadmin.MainActivity"
52            android:configChanges="orientation|keyboardHidden|keyboard|screenSize|smallestScreenSize|locale|layoutDirection|fontScale|screenLayout|density|uiMode"
53            android:exported="true"
54            android:hardwareAccelerated="true"
55            android:launchMode="singleTop"
56            android:theme="@style/LaunchTheme"
57            android:windowSoftInputMode="adjustResize" >
58
59            <!--
60                 Specifies an Android theme to apply to this Activity as soon as
61                 the Android process has started. This theme is visible to the user
62                 while the Flutter UI initializes. After that, this theme continues
63                 to determine the Window background behind the Flutter UI.
64            -->
65            <meta-data
66                android:name="io.flutter.embedding.android.NormalTheme"
67                android:resource="@style/NormalTheme" />
68
69            <intent-filter>
70                <action android:name="android.intent.action.MAIN" />
71
72                <category android:name="android.intent.category.LAUNCHER" />
73            </intent-filter>
74        </activity>
75        <!--
76             Don't delete the meta-data below.
77             This is used by the Flutter tool to generate GeneratedPluginRegistrant.java
78        -->
79        <meta-data
80            android:name="flutterEmbedding"
81            android:value="2" />
82
83        <activity
83-->[:url_launcher_android] AndroidManifest.xml:10:9-13:74
84            android:name="io.flutter.plugins.urllauncher.WebViewActivity"
84-->[:url_launcher_android] AndroidManifest.xml:11:13-74
85            android:exported="false"
85-->[:url_launcher_android] AndroidManifest.xml:12:13-37
86            android:theme="@android:style/Theme.NoTitleBar.Fullscreen" />
86-->[:url_launcher_android] AndroidManifest.xml:13:13-71
87
88        <uses-library
88-->[androidx.window:window:1.0.0-beta04] AndroidManifest.xml:25:9-27:40
89            android:name="androidx.window.extensions"
89-->[androidx.window:window:1.0.0-beta04] AndroidManifest.xml:26:13-54
90            android:required="false" />
90-->[androidx.window:window:1.0.0-beta04] AndroidManifest.xml:27:13-37
91        <uses-library
91-->[androidx.window:window:1.0.0-beta04] AndroidManifest.xml:28:9-30:40
92            android:name="androidx.window.sidecar"
92-->[androidx.window:window:1.0.0-beta04] AndroidManifest.xml:29:13-51
93            android:required="false" />
93-->[androidx.window:window:1.0.0-beta04] AndroidManifest.xml:30:13-37
94    </application>
95
96</manifest>